{"meta": {"format": 3, "version": "7.12.0", "timestamp": "2026-01-19T17:18:46.488206", "branch_coverage": false, "show_contexts": false}, "files": {"/home/jhenry/Source/yori/.czarina/worktrees/python-proxy/python/yori/__init__.py": {"executed_lines": [1, 19, 20, 23, 24, 25, 27, 28, 31, 32, 33, 34, 35, 42, 44], "summary": {"covered_lines": 14, "num_statements": 14, "percent_covered": 100.0, "percent_covered_display": "100", "missing_lines": 0, "excluded_lines": 0, "percent_statements_covered": 100.0, "percent_statements_covered_display": "100"}, "missing_lines": [], "excluded_lines": [], "functions": {"": {"executed_lines": [1, 19, 20, 23, 24, 25, 27, 28, 31, 32, 33, 34, 35, 42, 44], "summary": {"covered_lines": 14, "num_statements": 14, "percent_covered": 100.0, "percent_covered_display": "100", "missing_lines": 0, "excluded_lines": 0, "percent_statements_covered": 100.0, "percent_statements_covered_display": "100"}, "missing_lines": [], "excluded_lines": []}}, "classes": {"": {"executed_lines": [1, 19, 20, 23, 24, 25, 27, 28, 31, 32, 33, 34, 35, 42, 44], "summary": {"covered_lines": 14, "num_statements": 14, "percent_covered": 100.0, "percent_covered_display": "100", "missing_lines": 0, "excluded_lines": 0, "percent_statements_covered": 100.0, "percent_statements_covered_display": "100"}, "missing_lines": [], "excluded_lines": []}}}, "/home/jhenry/Source/yori/.czarina/worktrees/python-proxy/python/yori/audit.py": {"executed_lines": [1, 7, 8, 9, 10, 11, 13, 15, 18, 19, 21, 25, 29, 88, 132, 196, 257], "summary": {"covered_lines": 15, "num_statements": 83, "percent_covered": 18.072289156626507, "percent_covered_display": "18", "missing_lines": 68, "excluded_lines": 0, "percent_statements_covered": 18.072289156626507, "percent_statements_covered_display": "18"}, "missing_lines": [22, 23, 27, 31, 32, 57, 60, 63, 66, 71, 85, 86, 98, 100, 101, 129, 130, 155, 157, 158, 160, 161, 162, 164, 165, 166, 168, 169, 170, 172, 173, 174, 176, 177, 179, 180, 181, 182, 184, 185, 186, 188, 189, 191, 192, 194, 209, 210, 211, 212, 214, 215, 218, 222, 225, 230, 233, 238, 241, 246, 248, 264, 266, 267, 271, 272, 273, 275], "excluded_lines": [], "functions": {"AuditLogger.__init__": {"executed_lines": [], "summary": {"covered_lines": 0, "num_statements": 2, "percent_covered": 0.0, "percent_covered_display": "0", "missing_lines": 2, "excluded_lines": 0, "percent_statements_covered": 0.0, "percent_statements_covered_display": "0"}, "missing_lines": [22, 23], "excluded_lines": []}, "AuditLogger._ensure_directory": {"executed_lines": [], "summary": {"covered_lines": 0, "num_statements": 1, "percent_covered": 0.0, "percent_covered_display": "0", "missing_lines": 1, "excluded_lines": 0, "percent_statements_covered": 0.0, "percent_statements_covered_display": "0"}, "missing_lines": [27], "excluded_lines": []}, "AuditLogger.initialize": {"executed_lines": [], "summary": {"covered_lines": 0, "num_statements": 9, "percent_covered": 0.0, "percent_covered_display": "0", "missing_lines": 9, "excluded_lines": 0, "percent_statements_covered": 0.0, "percent_statements_covered_display": "0"}, "missing_lines": [31, 32, 57, 60, 63, 66, 71, 85, 86], "excluded_lines": []}, "AuditLogger.log_event": {"executed_lines": [], "summary": {"covered_lines": 0, "num_statements": 5, "percent_covered": 0.0, "percent_covered_display": "0", "missing_lines": 5, "excluded_lines": 0, "percent_statements_covered": 0.0, "percent_statements_covered_display": "0"}, "missing_lines": [98, 100, 101, 129, 130], "excluded_lines": []}, "AuditLogger.get_events": {"executed_lines": [], "summary": {"covered_lines": 0, "num_statements": 29, "percent_covered": 0.0, "percent_covered_display": "0", "missing_lines": 29, "excluded_lines": 0, "percent_statements_covered": 0.0, "percent_statements_covered_display": "0"}, "missing_lines": [155, 157, 158, 160, 161, 162, 164, 165, 166, 168, 169, 170, 172, 173, 174, 176, 177, 179, 180, 181, 182, 184, 185, 186, 188, 189, 191, 192, 194], "excluded_lines": []}, "AuditLogger.get_stats": {"executed_lines": [], "summary": {"covered_lines": 0, "num_statements": 15, "percent_covered": 0.0, "percent_covered_display": "0", "missing_lines": 15, "excluded_lines": 0, "percent_statements_covered": 0.0, "percent_statements_covered_display": "0"}, "missing_lines": [209, 210, 211, 212, 214, 215, 218, 222, 225, 230, 233, 238, 241, 246, 248], "excluded_lines": []}, "AuditLogger.cleanup_old_events": {"executed_lines": [], "summary": {"covered_lines": 0, "num_statements": 7, "percent_covered": 0.0, "percent_covered_display": "0", "missing_lines": 7, "excluded_lines": 0, "percent_statements_covered": 0.0, "percent_statements_covered_display": "0"}, "missing_lines": [264, 266, 267, 271, 272, 273, 275], "excluded_lines": []}, "": {"executed_lines": [1, 7, 8, 9, 10, 11, 13, 15, 18, 19, 21, 25, 29, 88, 132, 196, 257], "summary": {"covered_lines": 15, "num_statements": 15, "percent_covered": 100.0, "percent_covered_display": "100", "missing_lines": 0, "excluded_lines": 0, "percent_statements_covered": 100.0, "percent_statements_covered_display": "100"}, "missing_lines": [], "excluded_lines": []}}, "classes": {"AuditLogger": {"executed_lines": [], "summary": {"covered_lines": 0, "num_statements": 68, "percent_covered": 0.0, "percent_covered_display": "0", "missing_lines": 68, "excluded_lines": 0, "percent_statements_covered": 0.0, "percent_statements_covered_display": "0"}, "missing_lines": [22, 23, 27, 31, 32, 57, 60, 63, 66, 71, 85, 86, 98, 100, 101, 129, 130, 155, 157, 158, 160, 161, 162, 164, 165, 166, 168, 169, 170, 172, 173, 174, 176, 177, 179, 180, 181, 182, 184, 185, 186, 188, 189, 191, 192, 194, 209, 210, 211, 212, 214, 215, 218, 222, 225, 230, 233, 238, 241, 246, 248, 264, 266, 267, 271, 272, 273, 275], "excluded_lines": []}, "": {"executed_lines": [1, 7, 8, 9, 10, 11, 13, 15, 18, 19, 21, 25, 29, 88, 132, 196, 257], "summary": {"covered_lines": 15, "num_statements": 15, "percent_covered": 100.0, "percent_covered_display": "100", "missing_lines": 0, "excluded_lines": 0, "percent_statements_covered": 100.0, "percent_statements_covered_display": "100"}, "missing_lines": [], "excluded_lines": []}}}, "/home/jhenry/Source/yori/.czarina/worktrees/python-proxy/python/yori/config.py": {"executed_lines": [1, 7, 8, 9, 10, 13, 14, 16, 17, 20, 21, 23, 26, 29, 30, 32, 35, 38, 39, 41, 44, 46, 55, 56, 58, 59, 65, 66], "summary": {"covered_lines": 23, "num_statements": 31, "percent_covered": 74.19354838709677, "percent_covered_display": "74", "missing_lines": 8, "excluded_lines": 0, "percent_statements_covered": 74.19354838709677, "percent_statements_covered_display": "74"}, "missing_lines": [61, 62, 63, 68, 74, 75, 76, 79], "excluded_lines": [], "functions": {"YoriConfig.from_yaml": {"executed_lines": [], "summary": {"covered_lines": 0, "num_statements": 3, "percent_covered": 0.0, "percent_covered_display": "0", "missing_lines": 3, "excluded_lines": 0, "percent_statements_covered": 0.0, "percent_statements_covered_display": "0"}, "missing_lines": [61, 62, 63], "excluded_lines": []}, "YoriConfig.from_default_locations": {"executed_lines": [], "summary": {"covered_lines": 0, "num_statements": 5, "percent_covered": 0.0, "percent_covered_display": "0", "missing_lines": 5, "excluded_lines": 0, "percent_statements_covered": 0.0, "percent_statements_covered_display": "0"}, "missing_lines": [68, 74, 75, 76, 79], "excluded_lines": []}, "": {"executed_lines": [1, 7, 8, 9, 10, 13, 14, 16, 17, 20, 21, 23, 26, 29, 30, 32, 35, 38, 39, 41, 44, 46, 55, 56, 58, 59, 65, 66], "summary": {"covered_lines": 23, "num_statements": 23, "percent_covered": 100.0, "percent_covered_display": "100", "missing_lines": 0, "excluded_lines": 0, "percent_statements_covered": 100.0, "percent_statements_covered_display": "100"}, "missing_lines": [], "excluded_lines": []}}, "classes": {"EndpointConfig": {"executed_lines": [], "summary": {"covered_lines": 0, "num_statements": 0, "percent_covered": 100.0, "percent_covered_display": "100", "missing_lines": 0, "excluded_lines": 0, "percent_statements_covered": 100.0, "percent_statements_covered_display": "100"}, "missing_lines": [], "excluded_lines": []}, "AuditConfig": {"executed_lines": [], "summary": {"covered_lines": 0, "num_statements": 0, "percent_covered": 100.0, "percent_covered_display": "100", "missing_lines": 0, "excluded_lines": 0, "percent_statements_covered": 100.0, "percent_statements_covered_display": "100"}, "missing_lines": [], "excluded_lines": []}, "PolicyConfig": {"executed_lines": [], "summary": {"covered_lines": 0, "num_statements": 0, "percent_covered": 100.0, "percent_covered_display": "100", "missing_lines": 0, "excluded_lines": 0, "percent_statements_covered": 100.0, "percent_statements_covered_display": "100"}, "missing_lines": [], "excluded_lines": []}, "YoriConfig": {"executed_lines": [], "summary": {"covered_lines": 0, "num_statements": 8, "percent_covered": 0.0, "percent_covered_display": "0", "missing_lines": 8, "excluded_lines": 0, "percent_statements_covered": 0.0, "percent_statements_covered_display": "0"}, "missing_lines": [61, 62, 63, 68, 74, 75, 76, 79], "excluded_lines": []}, "": {"executed_lines": [1, 7, 8, 9, 10, 13, 14, 16, 17, 20, 21, 23, 26, 29, 30, 32, 35, 38, 39, 41, 44, 46, 55, 56, 58, 59, 65, 66], "summary": {"covered_lines": 23, "num_statements": 23, "percent_covered": 100.0, "percent_covered_display": "100", "missing_lines": 0, "excluded_lines": 0, "percent_statements_covered": 100.0, "percent_statements_covered_display": "100"}, "missing_lines": [], "excluded_lines": []}}}, "/home/jhenry/Source/yori/.czarina/worktrees/python-proxy/python/yori/detection.py": {"executed_lines": [1, 7, 8, 12, 24, 46, 79, 95, 126, 143], "summary": {"covered_lines": 9, "num_statements": 38, "percent_covered": 23.68421052631579, "percent_covered_display": "24", "missing_lines": 29, "excluded_lines": 0, "percent_statements_covered": 23.68421052631579, "percent_statements_covered_display": "24"}, "missing_lines": [58, 61, 62, 65, 66, 67, 70, 71, 72, 73, 74, 76, 92, 105, 108, 109, 110, 113, 123, 137, 138, 140, 154, 155, 157, 159, 162, 163, 165], "excluded_lines": [], "functions": {"detect_provider": {"executed_lines": [], "summary": {"covered_lines": 0, "num_statements": 12, "percent_covered": 0.0, "percent_covered_display": "0", "missing_lines": 12, "excluded_lines": 0, "percent_statements_covered": 0.0, "percent_statements_covered_display": "0"}, "missing_lines": [58, 61, 62, 65, 66, 67, 70, 71, 72, 73, 74, 76], "excluded_lines": []}, "get_target_url": {"executed_lines": [], "summary": {"covered_lines": 0, "num_statements": 1, "percent_covered": 0.0, "percent_covered_display": "0", "missing_lines": 1, "excluded_lines": 0, "percent_statements_covered": 0.0, "percent_statements_covered_display": "0"}, "missing_lines": [92], "excluded_lines": []}, "is_llm_endpoint": {"executed_lines": [], "summary": {"covered_lines": 0, "num_statements": 6, "percent_covered": 0.0, "percent_covered_display": "0", "missing_lines": 6, "excluded_lines": 0, "percent_statements_covered": 0.0, "percent_statements_covered_display": "0"}, "missing_lines": [105, 108, 109, 110, 113, 123], "excluded_lines": []}, "truncate_for_privacy": {"executed_lines": [], "summary": {"covered_lines": 0, "num_statements": 3, "percent_covered": 0.0, "percent_covered_display": "0", "missing_lines": 3, "excluded_lines": 0, "percent_statements_covered": 0.0, "percent_statements_covered_display": "0"}, "missing_lines": [137, 138, 140], "excluded_lines": []}, "extract_preview": {"executed_lines": [], "summary": {"covered_lines": 0, "num_statements": 7, "percent_covered": 0.0, "percent_covered_display": "0", "missing_lines": 7, "excluded_lines": 0, "percent_statements_covered": 0.0, "percent_statements_covered_display": "0"}, "missing_lines": [154, 155, 157, 159, 162, 163, 165], "excluded_lines": []}, "": {"executed_lines": [1, 7, 8, 12, 24, 46, 79, 95, 126, 143], "summary": {"covered_lines": 9, "num_statements": 9, "percent_covered": 100.0, "percent_covered_display": "100", "missing_lines": 0, "excluded_lines": 0, "percent_statements_covered": 100.0, "percent_statements_covered_display": "100"}, "missing_lines": [], "excluded_lines": []}}, "classes": {"": {"executed_lines": [1, 7, 8, 12, 24, 46, 79, 95, 126, 143], "summary": {"covered_lines": 9, "num_statements": 38, "percent_covered": 23.68421052631579, "percent_covered_display": "24", "missing_lines": 29, "excluded_lines": 0, "percent_statements_covered": 23.68421052631579, "percent_statements_covered_display": "24"}, "missing_lines": [58, 61, 62, 65, 66, 67, 70, 71, 72, 73, 74, 76, 92, 105, 108, 109, 110, 113, 123, 137, 138, 140, 154, 155, 157, 159, 162, 163, 165], "excluded_lines": []}}}, "/home/jhenry/Source/yori/.czarina/worktrees/python-proxy/python/yori/main.py": {"executed_lines": [], "summary": {"covered_lines": 0, "num_statements": 29, "percent_covered": 0.0, "percent_covered_display": "0", "missing_lines": 29, "excluded_lines": 0, "percent_statements_covered": 0.0, "percent_statements_covered_display": "0"}, "missing_lines": [7, 8, 9, 10, 12, 14, 15, 18, 26, 29, 31, 32, 37, 42, 48, 51, 52, 54, 57, 60, 61, 64, 65, 66, 67, 69, 72, 81, 82], "excluded_lines": [], "functions": {"main": {"executed_lines": [], "summary": {"covered_lines": 0, "num_statements": 17, "percent_covered": 0.0, "percent_covered_display": "0", "missing_lines": 17, "excluded_lines": 0, "percent_statements_covered": 0.0, "percent_statements_covered_display": "0"}, "missing_lines": [31, 32, 37, 42, 48, 51, 52, 54, 57, 60, 61, 64, 65, 66, 67, 69, 72], "excluded_lines": []}, "": {"executed_lines": [], "summary": {"covered_lines": 0, "num_statements": 12, "percent_covered": 0.0, "percent_covered_display": "0", "missing_lines": 12, "excluded_lines": 0, "percent_statements_covered": 0.0, "percent_statements_covered_display": "0"}, "missing_lines": [7, 8, 9, 10, 12, 14, 15, 18, 26, 29, 81, 82], "excluded_lines": []}}, "classes": {"": {"executed_lines": [], "summary": {"covered_lines": 0, "num_statements": 29, "percent_covered": 0.0, "percent_covered_display": "0", "missing_lines": 29, "excluded_lines": 0, "percent_statements_covered": 0.0, "percent_statements_covered_display": "0"}, "missing_lines": [7, 8, 9, 10, 12, 14, 15, 18, 26, 29, 31, 32, 37, 42, 48, 51, 52, 54, 57, 60, 61, 64, 65, 66, 67, 69, 72, 81, 82], "excluded_lines": []}}}, "/home/jhenry/Source/yori/.czarina/worktrees/python-proxy/python/yori/models.py": {"executed_lines": [1, 7, 8, 9, 10, 13, 14, 16, 17, 18, 21, 22, 24, 25, 26, 29, 30, 32, 33, 34, 35, 36, 39, 40, 42, 43, 44, 45, 48, 49, 51, 52, 53, 54, 55, 56, 57, 58, 59, 60, 61, 62, 63, 64, 65, 66, 67, 69, 76, 77, 79, 80, 81, 82, 83, 84, 85, 88, 89, 91, 92, 93, 94, 95, 98, 99, 101, 102, 103, 104, 105, 108, 109, 111, 112, 113, 114, 115, 116], "summary": {"covered_lines": 69, "num_statements": 69, "percent_covered": 100.0, "percent_covered_display": "100", "missing_lines": 0, "excluded_lines": 0, "percent_statements_covered": 100.0, "percent_statements_covered_display": "100"}, "missing_lines": [], "excluded_lines": [], "functions": {"": {"executed_lines": [1, 7, 8, 9, 10, 13, 14, 16, 17, 18, 21, 22, 24, 25, 26, 29, 30, 32, 33, 34, 35, 36, 39, 40, 42, 43, 44, 45, 48, 49, 51, 52, 53, 54, 55, 56, 57, 58, 59, 60, 61, 62, 63, 64, 65, 66, 67, 69, 76, 77, 79, 80, 81, 82, 83, 84, 85, 88, 89, 91, 92, 93, 94, 95, 98, 99, 101, 102, 103, 104, 105, 108, 109, 111, 112, 113, 114, 115, 116], "summary": {"covered_lines": 69, "num_statements": 69, "percent_covered": 100.0, "percent_covered_display": "100", "missing_lines": 0, "excluded_lines": 0, "percent_statements_covered": 100.0, "percent_statements_covered_display": "100"}, "missing_lines": [], "excluded_lines": []}}, "classes": {"OperationMode": {"executed_lines": [], "summary": {"covered_lines": 0, "num_statements": 0, "percent_covered": 100.0, "percent_covered_display": "100", "missing_lines": 0, "excluded_lines": 0, "percent_statements_covered": 100.0, "percent_statements_covered_display": "100"}, "missing_lines": [], "excluded_lines": []}, "PolicyDecision": {"executed_lines": [], "summary": {"covered_lines": 0, "num_statements": 0, "percent_covered": 100.0, "percent_covered_display": "100", "missing_lines": 0, "excluded_lines": 0, "percent_statements_covered": 100.0, "percent_statements_covered_display": "100"}, "missing_lines": [], "excluded_lines": []}, "LLMProvider": {"executed_lines": [], "summary": {"covered_lines": 0, "num_statements": 0, "percent_covered": 100.0, "percent_covered_display": "100", "missing_lines": 0, "excluded_lines": 0, "percent_statements_covered": 100.0, "percent_statements_covered_display": "100"}, "missing_lines": [], "excluded_lines": []}, "PolicyResult": {"executed_lines": [], "summary": {"covered_lines": 0, "num_statements": 0, "percent_covered": 100.0, "percent_covered_display": "100", "missing_lines": 0, "excluded_lines": 0, "percent_statements_covered": 100.0, "percent_statements_covered_display": "100"}, "missing_lines": [], "excluded_lines": []}, "AuditEvent": {"executed_lines": [], "summary": {"covered_lines": 0, "num_statements": 0, "percent_covered": 100.0, "percent_covered_display": "100", "missing_lines": 0, "excluded_lines": 0, "percent_statements_covered": 100.0, "percent_statements_covered_display": "100"}, "missing_lines": [], "excluded_lines": []}, "ProxyRequest": {"executed_lines": [], "summary": {"covered_lines": 0, "num_statements": 0, "percent_covered": 100.0, "percent_covered_display": "100", "missing_lines": 0, "excluded_lines": 0, "percent_statements_covered": 100.0, "percent_statements_covered_display": "100"}, "missing_lines": [], "excluded_lines": []}, "ProxyResponse": {"executed_lines": [], "summary": {"covered_lines": 0, "num_statements": 0, "percent_covered": 100.0, "percent_covered_display": "100", "missing_lines": 0, "excluded_lines": 0, "percent_statements_covered": 100.0, "percent_statements_covered_display": "100"}, "missing_lines": [], "excluded_lines": []}, "HealthStatus": {"executed_lines": [], "summary": {"covered_lines": 0, "num_statements": 0, "percent_covered": 100.0, "percent_covered_display": "100", "missing_lines": 0, "excluded_lines": 0, "percent_statements_covered": 100.0, "percent_statements_covered_display": "100"}, "missing_lines": [], "excluded_lines": []}, "StatsResponse": {"executed_lines": [], "summary": {"covered_lines": 0, "num_statements": 0, "percent_covered": 100.0, "percent_covered_display": "100", "missing_lines": 0, "excluded_lines": 0, "percent_statements_covered": 100.0, "percent_statements_covered_display": "100"}, "missing_lines": [], "excluded_lines": []}, "": {"executed_lines": [1, 7, 8, 9, 10, 13, 14, 16, 17, 18, 21, 22, 24, 25, 26, 29, 30, 32, 33, 34, 35, 36, 39, 40, 42, 43, 44, 45, 48, 49, 51, 52, 53, 54, 55, 56, 57, 58, 59, 60, 61, 62, 63, 64, 65, 66, 67, 69, 76, 77, 79, 80, 81, 82, 83, 84, 85, 88, 89, 91, 92, 93, 94, 95, 98, 99, 101, 102, 103, 104, 105, 108, 109, 111, 112, 113, 114, 115, 116], "summary": {"covered_lines": 69, "num_statements": 69, "percent_covered": 100.0, "percent_covered_display": "100", "missing_lines": 0, "excluded_lines": 0, "percent_statements_covered": 100.0, "percent_statements_covered_display": "100"}, "missing_lines": [], "excluded_lines": []}}}, "/home/jhenry/Source/yori/.czarina/worktrees/python-proxy/python/yori/policy.py": {"executed_lines": [1, 7, 8, 10, 11, 13, 16, 17, 24, 42, 70, 110], "summary": {"covered_lines": 10, "num_statements": 44, "percent_covered": 22.727272727272727, "percent_covered_display": "23", "missing_lines": 34, "excluded_lines": 0, "percent_statements_covered": 22.727272727272727, "percent_statements_covered_display": "23"}, "missing_lines": [25, 26, 27, 30, 31, 33, 34, 35, 36, 37, 65, 66, 68, 81, 90, 92, 95, 101, 102, 104, 128, 129, 136, 137, 144, 145, 146, 149, 150, 151, 152, 157, 158, 161], "excluded_lines": [], "functions": {"PolicyEvaluator.__init__": {"executed_lines": [], "summary": {"covered_lines": 0, "num_statements": 10, "percent_covered": 0.0, "percent_covered_display": "0", "missing_lines": 10, "excluded_lines": 0, "percent_statements_covered": 0.0, "percent_statements_covered_display": "0"}, "missing_lines": [25, 26, 27, 30, 31, 33, 34, 35, 36, 37], "excluded_lines": []}, "PolicyEvaluator.evaluate": {"executed_lines": [], "summary": {"covered_lines": 0, "num_statements": 3, "percent_covered": 0.0, "percent_covered_display": "0", "missing_lines": 3, "excluded_lines": 0, "percent_statements_covered": 0.0, "percent_statements_covered_display": "0"}, "missing_lines": [65, 66, 68], "excluded_lines": []}, "PolicyEvaluator._evaluate_rust": {"executed_lines": [], "summary": {"covered_lines": 0, "num_statements": 7, "percent_covered": 0.0, "percent_covered_display": "0", "missing_lines": 7, "excluded_lines": 0, "percent_statements_covered": 0.0, "percent_statements_covered_display": "0"}, "missing_lines": [81, 90, 92, 95, 101, 102, 104], "excluded_lines": []}, "PolicyEvaluator._evaluate_mock": {"executed_lines": [], "summary": {"covered_lines": 0, "num_statements": 14, "percent_covered": 0.0, "percent_covered_display": "0", "missing_lines": 14, "excluded_lines": 0, "percent_statements_covered": 0.0, "percent_statements_covered_display": "0"}, "missing_lines": [128, 129, 136, 137, 144, 145, 146, 149, 150, 151, 152, 157, 158, 161], "excluded_lines": []}, "": {"executed_lines": [1, 7, 8, 10, 11, 13, 16, 17, 24, 42, 70, 110], "summary": {"covered_lines": 10, "num_statements": 10, "percent_covered": 100.0, "percent_covered_display": "100", "missing_lines": 0, "excluded_lines": 0, "percent_statements_covered": 100.0, "percent_statements_covered_display": "100"}, "missing_lines": [], "excluded_lines": []}}, "classes": {"PolicyEvaluator": {"executed_lines": [], "summary": {"covered_lines": 0, "num_statements": 34, "percent_covered": 0.0, "percent_covered_display": "0", "missing_lines": 34, "excluded_lines": 0, "percent_statements_covered": 0.0, "percent_statements_covered_display": "0"}, "missing_lines": [25, 26, 27, 30, 31, 33, 34, 35, 36, 37, 65, 66, 68, 81, 90, 92, 95, 101, 102, 104, 128, 129, 136, 137, 144, 145, 146, 149, 150, 151, 152, 157, 158, 161], "excluded_lines": []}, "": {"executed_lines": [1, 7, 8, 10, 11, 13, 16, 17, 24, 42, 70, 110], "summary": {"covered_lines": 10, "num_statements": 10, "percent_covered": 100.0, "percent_covered_display": "100", "missing_lines": 0, "excluded_lines": 0, "percent_statements_covered": 100.0, "percent_statements_covered_display": "100"}, "missing_lines": [], "excluded_lines": []}}}, "/home/jhenry/Source/yori/.czarina/worktrees/python-proxy/python/yori/proxy.py": {"executed_lines": [1, 7, 8, 9, 10, 11, 12, 13, 14, 16, 17, 18, 25, 31, 33, 36, 37, 39, 63, 116, 242, 253, 280, 296, 330, 367, 400, 413], "summary": {"covered_lines": 26, "num_statements": 121, "percent_covered": 21.487603305785125, "percent_covered_display": "21", "missing_lines": 95, "excluded_lines": 0, "percent_statements_covered": 21.487603305785125, "percent_statements_covered_display": "21"}, "missing_lines": [40, 41, 42, 43, 44, 47, 48, 50, 51, 53, 55, 61, 66, 67, 69, 77, 78, 80, 81, 86, 87, 89, 90, 97, 98, 103, 109, 111, 112, 114, 127, 130, 131, 132, 135, 138, 141, 142, 143, 146, 152, 162, 164, 165, 176, 187, 188, 191, 192, 193, 196, 205, 208, 222, 228, 229, 230, 233, 237, 244, 246, 247, 248, 251, 263, 265, 271, 283, 284, 287, 288, 291, 292, 294, 310, 311, 313, 328, 343, 344, 346, 348, 365, 380, 381, 383, 398, 402, 405, 406, 409, 411, 415, 416, 417], "excluded_lines": [], "functions": {"ProxyServer.__init__": {"executed_lines": [], "summary": {"covered_lines": 0, "num_statements": 9, "percent_covered": 0.0, "percent_covered_display": "0", "missing_lines": 9, "excluded_lines": 0, "percent_statements_covered": 0.0, "percent_statements_covered_display": "0"}, "missing_lines": [40, 41, 42, 43, 44, 47, 48, 55, 61], "excluded_lines": []}, "ProxyServer.__init__.lifespan": {"executed_lines": [], "summary": {"covered_lines": 0, "num_statements": 3, "percent_covered": 0.0, "percent_covered_display": "0", "missing_lines": 3, "excluded_lines": 0, "percent_statements_covered": 0.0, "percent_statements_covered_display": "0"}, "missing_lines": [50, 51, 53], "excluded_lines": []}, "ProxyServer._setup_routes": {"executed_lines": [], "summary": {"covered_lines": 0, "num_statements": 8, "percent_covered": 0.0, "percent_covered_display": "0", "missing_lines": 8, "excluded_lines": 0, "percent_statements_covered": 0.0, "percent_statements_covered_display": "0"}, "missing_lines": [66, 67, 77, 78, 89, 90, 111, 112], "excluded_lines": []}, "ProxyServer._setup_routes.health_check": {"executed_lines": [], "summary": {"covered_lines": 0, "num_statements": 1, "percent_covered": 0.0, "percent_covered_display": "0", "missing_lines": 1, "excluded_lines": 0, "percent_statements_covered": 0.0, "percent_statements_covered_display": "0"}, "missing_lines": [69], "excluded_lines": []}, "ProxyServer._setup_routes.get_stats": {"executed_lines": [], "summary": {"covered_lines": 0, "num_statements": 4, "percent_covered": 0.0, "percent_covered_display": "0", "missing_lines": 4, "excluded_lines": 0, "percent_statements_covered": 0.0, "percent_statements_covered_display": "0"}, "missing_lines": [80, 81, 86, 87], "excluded_lines": []}, "ProxyServer._setup_routes.get_audit_logs": {"executed_lines": [], "summary": {"covered_lines": 0, "num_statements": 4, "percent_covered": 0.0, "percent_covered_display": "0", "missing_lines": 4, "excluded_lines": 0, "percent_statements_covered": 0.0, "percent_statements_covered_display": "0"}, "missing_lines": [97, 98, 103, 109], "excluded_lines": []}, "ProxyServer._setup_routes.proxy_request": {"executed_lines": [], "summary": {"covered_lines": 0, "num_statements": 1, "percent_covered": 0.0, "percent_covered_display": "0", "missing_lines": 1, "excluded_lines": 0, "percent_statements_covered": 0.0, "percent_statements_covered_display": "0"}, "missing_lines": [114], "excluded_lines": []}, "ProxyServer._handle_proxy_request": {"executed_lines": [], "summary": {"covered_lines": 0, "num_statements": 29, "percent_covered": 0.0, "percent_covered_display": "0", "missing_lines": 29, "excluded_lines": 0, "percent_statements_covered": 0.0, "percent_statements_covered_display": "0"}, "missing_lines": [127, 130, 131, 132, 135, 138, 141, 142, 143, 146, 152, 162, 164, 165, 176, 187, 188, 191, 192, 193, 196, 205, 208, 222, 228, 229, 230, 233, 237], "excluded_lines": []}, "ProxyServer._is_endpoint_enabled": {"executed_lines": [], "summary": {"covered_lines": 0, "num_statements": 5, "percent_covered": 0.0, "percent_covered_display": "0", "missing_lines": 5, "excluded_lines": 0, "percent_statements_covered": 0.0, "percent_statements_covered_display": "0"}, "missing_lines": [244, 246, 247, 248, 251], "excluded_lines": []}, "ProxyServer._evaluate_policy": {"executed_lines": [], "summary": {"covered_lines": 0, "num_statements": 3, "percent_covered": 0.0, "percent_covered_display": "0", "missing_lines": 3, "excluded_lines": 0, "percent_statements_covered": 0.0, "percent_statements_covered_display": "0"}, "missing_lines": [263, 265, 271], "excluded_lines": []}, "ProxyServer._should_block_request": {"executed_lines": [], "summary": {"covered_lines": 0, "num_statements": 7, "percent_covered": 0.0, "percent_covered_display": "0", "missing_lines": 7, "excluded_lines": 0, "percent_statements_covered": 0.0, "percent_statements_covered_display": "0"}, "missing_lines": [283, 284, 287, 288, 291, 292, 294], "excluded_lines": []}, "ProxyServer._log_successful_request": {"executed_lines": [], "summary": {"covered_lines": 0, "num_statements": 4, "percent_covered": 0.0, "percent_covered_display": "0", "missing_lines": 4, "excluded_lines": 0, "percent_statements_covered": 0.0, "percent_statements_covered_display": "0"}, "missing_lines": [310, 311, 313, 328], "excluded_lines": []}, "ProxyServer._log_blocked_request": {"executed_lines": [], "summary": {"covered_lines": 0, "num_statements": 5, "percent_covered": 0.0, "percent_covered_display": "0", "missing_lines": 5, "excluded_lines": 0, "percent_statements_covered": 0.0, "percent_statements_covered_display": "0"}, "missing_lines": [343, 344, 346, 348, 365], "excluded_lines": []}, "ProxyServer._log_error_request": {"executed_lines": [], "summary": {"covered_lines": 0, "num_statements": 4, "percent_covered": 0.0, "percent_covered_display": "0", "missing_lines": 4, "excluded_lines": 0, "percent_statements_covered": 0.0, "percent_statements_covered_display": "0"}, "missing_lines": [380, 381, 383, 398], "excluded_lines": []}, "ProxyServer.startup": {"executed_lines": [], "summary": {"covered_lines": 0, "num_statements": 5, "percent_covered": 0.0, "percent_covered_display": "0", "missing_lines": 5, "excluded_lines": 0, "percent_statements_covered": 0.0, "percent_statements_covered_display": "0"}, "missing_lines": [402, 405, 406, 409, 411], "excluded_lines": []}, "ProxyServer.shutdown": {"executed_lines": [], "summary": {"covered_lines": 0, "num_statements": 3, "percent_covered": 0.0, "percent_covered_display": "0", "missing_lines": 3, "excluded_lines": 0, "percent_statements_covered": 0.0, "percent_statements_covered_display": "0"}, "missing_lines": [415, 416, 417], "excluded_lines": []}, "": {"executed_lines": [1, 7, 8, 9, 10, 11, 12, 13, 14, 16, 17, 18, 25, 31, 33, 36, 37, 39, 63, 116, 242, 253, 280, 296, 330, 367, 400, 413], "summary": {"covered_lines": 26, "num_statements": 26, "percent_covered": 100.0, "percent_covered_display": "100", "missing_lines": 0, "excluded_lines": 0, "percent_statements_covered": 100.0, "percent_statements_covered_display": "100"}, "missing_lines": [], "excluded_lines": []}}, "classes": {"ProxyServer": {"executed_lines": [], "summary": {"covered_lines": 0, "num_statements": 95, "percent_covered": 0.0, "percent_covered_display": "0", "missing_lines": 95, "excluded_lines": 0, "percent_statements_covered": 0.0, "percent_statements_covered_display": "0"}, "missing_lines": [40, 41, 42, 43, 44, 47, 48, 50, 51, 53, 55, 61, 66, 67, 69, 77, 78, 80, 81, 86, 87, 89, 90, 97, 98, 103, 109, 111, 112, 114, 127, 130, 131, 132, 135, 138, 141, 142, 143, 146, 152, 162, 164, 165, 176, 187, 188, 191, 192, 193, 196, 205, 208, 222, 228, 229, 230, 233, 237, 244, 246, 247, 248, 251, 263, 265, 271, 283, 284, 287, 288, 291, 292, 294, 310, 311, 313, 328, 343, 344, 346, 348, 365, 380, 381, 383, 398, 402, 405, 406, 409, 411, 415, 416, 417], "excluded_lines": []}, "": {"executed_lines": [1, 7, 8, 9, 10, 11, 12, 13, 14, 16, 17, 18, 25, 31, 33, 36, 37, 39, 63, 116, 242, 253, 280, 296, 330, 367, 400, 413], "summary": {"covered_lines": 26, "num_statements": 26, "percent_covered": 100.0, "percent_covered_display": "100", "missing_lines": 0, "excluded_lines": 0, "percent_statements_covered": 100.0, "percent_statements_covered_display": "100"}, "missing_lines": [], "excluded_lines": []}}}}, "totals": {"covered_lines": 166, "num_statements": 429, "percent_covered": 38.6946386946387, "percent_covered_display": "39", "missing_lines": 263, "excluded_lines": 0, "percent_statements_covered": 38.6946386946387, "percent_statements_covered_display": "39"}}