{"meta": {"format": 3, "version": "7.12.0", "timestamp": "2026-01-19T23:32:51.383677", "branch_coverage": false, "show_contexts": false}, "files": {"python/yori/__init__.py": {"executed_lines": [1, 19, 20, 23, 24, 25, 27, 28, 31, 32, 33, 34, 35, 42, 44], "summary": {"covered_lines": 14, "num_statements": 14, "percent_covered": 100.0, "percent_covered_display": "100", "missing_lines": 0, "excluded_lines": 0, "percent_statements_covered": 100.0, "percent_statements_covered_display": "100"}, "missing_lines": [], "excluded_lines": [], "functions": {"": {"executed_lines": [1, 19, 20, 23, 24, 25, 27, 28, 31, 32, 33, 34, 35, 42, 44], "summary": {"covered_lines": 14, "num_statements": 14, "percent_covered": 100.0, "percent_covered_display": "100", "missing_lines": 0, "excluded_lines": 0, "percent_statements_covered": 100.0, "percent_statements_covered_display": "100"}, "missing_lines": [], "excluded_lines": []}}, "classes": {"": {"executed_lines": [1, 19, 20, 23, 24, 25, 27, 28, 31, 32, 33, 34, 35, 42, 44], "summary": {"covered_lines": 14, "num_statements": 14, "percent_covered": 100.0, "percent_covered_display": "100", "missing_lines": 0, "excluded_lines": 0, "percent_statements_covered": 100.0, "percent_statements_covered_display": "100"}, "missing_lines": [], "excluded_lines": []}}}, "python/yori/alerts.py": {"executed_lines": [1, 7, 8, 9, 10, 11, 12, 13, 14, 15, 16, 18, 21, 22, 23, 24, 25, 26, 27, 28, 29, 30, 32, 34, 37, 38, 40, 53, 54, 56, 66, 67, 68, 69, 70, 71, 72, 74, 107, 109, 122, 124, 142, 143, 145, 149, 168, 169, 171, 176, 200, 201, 203, 207, 235, 236, 238, 239, 240, 242, 244, 246, 247, 248, 249, 252, 255, 258, 259, 261, 262, 264, 265, 266, 269, 270, 272, 273, 275, 277, 279, 302, 312, 313, 314, 316, 319, 321, 322, 326, 329, 333, 336, 344], "summary": {"covered_lines": 85, "num_statements": 150, "percent_covered": 56.666666666666664, "percent_covered_display": "57", "missing_lines": 65, "excluded_lines": 0, "percent_statements_covered": 56.666666666666664, "percent_statements_covered_display": "57"}, "missing_lines": [50, 76, 77, 78, 79, 80, 83, 84, 86, 87, 90, 91, 92, 93, 94, 96, 97, 98, 100, 101, 103, 104, 105, 146, 147, 151, 152, 153, 159, 160, 161, 163, 164, 165, 172, 173, 174, 178, 179, 180, 191, 192, 193, 195, 196, 197, 204, 205, 209, 210, 211, 226, 227, 228, 230, 231, 232, 317, 323, 324, 339, 340, 341, 358, 359], "excluded_lines": [], "functions": {"Alert.to_dict": {"executed_lines": [34], "summary": {"covered_lines": 1, "num_statements": 1, "percent_covered": 100.0, "percent_covered_display": "100", "missing_lines": 0, "excluded_lines": 0, "percent_statements_covered": 100.0, "percent_statements_covered_display": "100"}, "missing_lines": [], "excluded_lines": []}, "AlertChannel.send": {"executed_lines": [], "summary": {"covered_lines": 0, "num_statements": 1, "percent_covered": 0.0, "percent_covered_display": "0", "missing_lines": 1, "excluded_lines": 0, "percent_statements_covered": 0.0, "percent_statements_covered_display": "0"}, "missing_lines": [50], "excluded_lines": []}, "EmailAlertChannel.__init__": {"executed_lines": [66, 67, 68, 69, 70, 71, 72], "summary": {"covered_lines": 7, "num_statements": 7, "percent_covered": 100.0, "percent_covered_display": "100", "missing_lines": 0, "excluded_lines": 0, "percent_statements_covered": 100.0, "percent_statements_covered_display": "100"}, "missing_lines": [], "excluded_lines": []}, "EmailAlertChannel.send": {"executed_lines": [], "summary": {"covered_lines": 0, "num_statements": 22, "percent_covered": 0.0, "percent_covered_display": "0", "missing_lines": 22, "excluded_lines": 0, "percent_statements_covered": 0.0, "percent_statements_covered_display": "0"}, "missing_lines": [76, 77, 78, 79, 80, 83, 84, 86, 87, 90, 91, 92, 93, 94, 96, 97, 98, 100, 101, 103, 104, 105], "excluded_lines": []}, "EmailAlertChannel._create_text_body": {"executed_lines": [109], "summary": {"covered_lines": 1, "num_statements": 1, "percent_covered": 100.0, "percent_covered_display": "100", "missing_lines": 0, "excluded_lines": 0, "percent_statements_covered": 100.0, "percent_statements_covered_display": "100"}, "missing_lines": [], "excluded_lines": []}, "EmailAlertChannel._create_html_body": {"executed_lines": [124], "summary": {"covered_lines": 1, "num_statements": 1, "percent_covered": 100.0, "percent_covered_display": "100", "missing_lines": 0, "excluded_lines": 0, "percent_statements_covered": 100.0, "percent_statements_covered_display": "100"}, "missing_lines": [], "excluded_lines": []}, "WebhookAlertChannel.__init__": {"executed_lines": [], "summary": {"covered_lines": 0, "num_statements": 2, "percent_covered": 0.0, "percent_covered_display": "0", "missing_lines": 2, "excluded_lines": 0, "percent_statements_covered": 0.0, "percent_statements_covered_display": "0"}, "missing_lines": [146, 147], "excluded_lines": []}, "WebhookAlertChannel.send": {"executed_lines": [], "summary": {"covered_lines": 0, "num_statements": 9, "percent_covered": 0.0, "percent_covered_display": "0", "missing_lines": 9, "excluded_lines": 0, "percent_statements_covered": 0.0, "percent_statements_covered_display": "0"}, "missing_lines": [151, 152, 153, 159, 160, 161, 163, 164, 165], "excluded_lines": []}, "PushoverAlertChannel.__init__": {"executed_lines": [], "summary": {"covered_lines": 0, "num_statements": 3, "percent_covered": 0.0, "percent_covered_display": "0", "missing_lines": 3, "excluded_lines": 0, "percent_statements_covered": 0.0, "percent_statements_covered_display": "0"}, "missing_lines": [172, 173, 174], "excluded_lines": []}, "PushoverAlertChannel.send": {"executed_lines": [], "summary": {"covered_lines": 0, "num_statements": 9, "percent_covered": 0.0, "percent_covered_display": "0", "missing_lines": 9, "excluded_lines": 0, "percent_statements_covered": 0.0, "percent_statements_covered_display": "0"}, "missing_lines": [178, 179, 180, 191, 192, 193, 195, 196, 197], "excluded_lines": []}, "GotifyAlertChannel.__init__": {"executed_lines": [], "summary": {"covered_lines": 0, "num_statements": 2, "percent_covered": 0.0, "percent_covered_display": "0", "missing_lines": 2, "excluded_lines": 0, "percent_statements_covered": 0.0, "percent_statements_covered_display": "0"}, "missing_lines": [204, 205], "excluded_lines": []}, "GotifyAlertChannel.send": {"executed_lines": [], "summary": {"covered_lines": 0, "num_statements": 9, "percent_covered": 0.0, "percent_covered_display": "0", "missing_lines": 9, "excluded_lines": 0, "percent_statements_covered": 0.0, "percent_statements_covered_display": "0"}, "missing_lines": [209, 210, 211, 226, 227, 228, 230, 231, 232], "excluded_lines": []}, "WebUIAlertChannel.__init__": {"executed_lines": [239, 240], "summary": {"covered_lines": 2, "num_statements": 2, "percent_covered": 100.0, "percent_covered_display": "100", "missing_lines": 0, "excluded_lines": 0, "percent_statements_covered": 100.0, "percent_statements_covered_display": "100"}, "missing_lines": [], "excluded_lines": []}, "WebUIAlertChannel.send": {"executed_lines": [244, 246, 247, 248, 249, 252, 255, 258, 259, 261, 262, 264, 265, 266], "summary": {"covered_lines": 14, "num_statements": 14, "percent_covered": 100.0, "percent_covered_display": "100", "missing_lines": 0, "excluded_lines": 0, "percent_statements_covered": 100.0, "percent_statements_covered_display": "100"}, "missing_lines": [], "excluded_lines": []}, "AlertManager.__init__": {"executed_lines": [273], "summary": {"covered_lines": 1, "num_statements": 1, "percent_covered": 100.0, "percent_covered_display": "100", "missing_lines": 0, "excluded_lines": 0, "percent_statements_covered": 100.0, "percent_statements_covered_display": "100"}, "missing_lines": [], "excluded_lines": []}, "AlertManager.add_channel": {"executed_lines": [277], "summary": {"covered_lines": 1, "num_statements": 1, "percent_covered": 100.0, "percent_covered_display": "100", "missing_lines": 0, "excluded_lines": 0, "percent_statements_covered": 100.0, "percent_statements_covered_display": "100"}, "missing_lines": [], "excluded_lines": []}, "AlertManager.send_alert": {"executed_lines": [302, 312, 313, 314, 316, 319, 321, 322, 326, 329], "summary": {"covered_lines": 10, "num_statements": 13, "percent_covered": 76.92307692307692, "percent_covered_display": "77", "missing_lines": 3, "excluded_lines": 0, "percent_statements_covered": 76.92307692307692, "percent_statements_covered_display": "77"}, "missing_lines": [317, 323, 324], "excluded_lines": []}, "get_alert_manager": {"executed_lines": [], "summary": {"covered_lines": 0, "num_statements": 3, "percent_covered": 0.0, "percent_covered_display": "0", "missing_lines": 3, "excluded_lines": 0, "percent_statements_covered": 0.0, "percent_statements_covered_display": "0"}, "missing_lines": [339, 340, 341], "excluded_lines": []}, "send_alert": {"executed_lines": [], "summary": {"covered_lines": 0, "num_statements": 2, "percent_covered": 0.0, "percent_covered_display": "0", "missing_lines": 2, "excluded_lines": 0, "percent_statements_covered": 0.0, "percent_statements_covered_display": "0"}, "missing_lines": [358, 359], "excluded_lines": []}, "": {"executed_lines": [1, 7, 8, 9, 10, 11, 12, 13, 14, 15, 16, 18, 21, 22, 23, 24, 25, 26, 27, 28, 29, 30, 32, 37, 38, 40, 53, 54, 56, 74, 107, 122, 142, 143, 145, 149, 168, 169, 171, 176, 200, 201, 203, 207, 235, 236, 238, 242, 269, 270, 272, 275, 279, 333, 336, 344], "summary": {"covered_lines": 47, "num_statements": 47, "percent_covered": 100.0, "percent_covered_display": "100", "missing_lines": 0, "excluded_lines": 0, "percent_statements_covered": 100.0, "percent_statements_covered_display": "100"}, "missing_lines": [], "excluded_lines": []}}, "classes": {"Alert": {"executed_lines": [34], "summary": {"covered_lines": 1, "num_statements": 1, "percent_covered": 100.0, "percent_covered_display": "100", "missing_lines": 0, "excluded_lines": 0, "percent_statements_covered": 100.0, "percent_statements_covered_display": "100"}, "missing_lines": [], "excluded_lines": []}, "AlertChannel": {"executed_lines": [], "summary": {"covered_lines": 0, "num_statements": 1, "percent_covered": 0.0, "percent_covered_display": "0", "missing_lines": 1, "excluded_lines": 0, "percent_statements_covered": 0.0, "percent_statements_covered_display": "0"}, "missing_lines": [50], "excluded_lines": []}, "EmailAlertChannel": {"executed_lines": [66, 67, 68, 69, 70, 71, 72, 109, 124], "summary": {"covered_lines": 9, "num_statements": 31, "percent_covered": 29.032258064516128, "percent_covered_display": "29", "missing_lines": 22, "excluded_lines": 0, "percent_statements_covered": 29.032258064516128, "percent_statements_covered_display": "29"}, "missing_lines": [76, 77, 78, 79, 80, 83, 84, 86, 87, 90, 91, 92, 93, 94, 96, 97, 98, 100, 101, 103, 104, 105], "excluded_lines": []}, "WebhookAlertChannel": {"executed_lines": [], "summary": {"covered_lines": 0, "num_statements": 11, "percent_covered": 0.0, "percent_covered_display": "0", "missing_lines": 11, "excluded_lines": 0, "percent_statements_covered": 0.0, "percent_statements_covered_display": "0"}, "missing_lines": [146, 147, 151, 152, 153, 159, 160, 161, 163, 164, 165], "excluded_lines": []}, "PushoverAlertChannel": {"executed_lines": [], "summary": {"covered_lines": 0, "num_statements": 12, "percent_covered": 0.0, "percent_covered_display": "0", "missing_lines": 12, "excluded_lines": 0, "percent_statements_covered": 0.0, "percent_statements_covered_display": "0"}, "missing_lines": [172, 173, 174, 178, 179, 180, 191, 192, 193, 195, 196, 197], "excluded_lines": []}, "GotifyAlertChannel": {"executed_lines": [], "summary": {"covered_lines": 0, "num_statements": 11, "percent_covered": 0.0, "percent_covered_display": "0", "missing_lines": 11, "excluded_lines": 0, "percent_statements_covered": 0.0, "percent_statements_covered_display": "0"}, "missing_lines": [204, 205, 209, 210, 211, 226, 227, 228, 230, 231, 232], "excluded_lines": []}, "WebUIAlertChannel": {"executed_lines": [239, 240, 244, 246, 247, 248, 249, 252, 255, 258, 259, 261, 262, 264, 265, 266], "summary": {"covered_lines": 16, "num_statements": 16, "percent_covered": 100.0, "percent_covered_display": "100", "missing_lines": 0, "excluded_lines": 0, "percent_statements_covered": 100.0, "percent_statements_covered_display": "100"}, "missing_lines": [], "excluded_lines": []}, "AlertManager": {"executed_lines": [273, 277, 302, 312, 313, 314, 316, 319, 321, 322, 326, 329], "summary": {"covered_lines": 12, "num_statements": 15, "percent_covered": 80.0, "percent_covered_display": "80", "missing_lines": 3, "excluded_lines": 0, "percent_statements_covered": 80.0, "percent_statements_covered_display": "80"}, "missing_lines": [317, 323, 324], "excluded_lines": []}, "": {"executed_lines": [1, 7, 8, 9, 10, 11, 12, 13, 14, 15, 16, 18, 21, 22, 23, 24, 25, 26, 27, 28, 29, 30, 32, 37, 38, 40, 53, 54, 56, 74, 107, 122, 142, 143, 145, 149, 168, 169, 171, 176, 200, 201, 203, 207, 235, 236, 238, 242, 269, 270, 272, 275, 279, 333, 336, 344], "summary": {"covered_lines": 47, "num_statements": 52, "percent_covered": 90.38461538461539, "percent_covered_display": "90", "missing_lines": 5, "excluded_lines": 0, "percent_statements_covered": 90.38461538461539, "percent_statements_covered_display": "90"}, "missing_lines": [339, 340, 341, 358, 359], "excluded_lines": []}}}, "python/yori/audit.py": {"executed_lines": [1, 7, 8, 9, 10, 11, 13, 15, 18, 19, 21, 25, 29, 88, 132, 196, 257], "summary": {"covered_lines": 15, "num_statements": 83, "percent_covered": 18.072289156626507, "percent_covered_display": "18", "missing_lines": 68, "excluded_lines": 0, "percent_statements_covered": 18.072289156626507, "percent_statements_covered_display": "18"}, "missing_lines": [22, 23, 27, 31, 32, 57, 60, 63, 66, 71, 85, 86, 98, 100, 101, 129, 130, 155, 157, 158, 160, 161, 162, 164, 165, 166, 168, 169, 170, 172, 173, 174, 176, 177, 179, 180, 181, 182, 184, 185, 186, 188, 189, 191, 192, 194, 209, 210, 211, 212, 214, 215, 218, 222, 225, 230, 233, 238, 241, 246, 248, 264, 266, 267, 271, 272, 273, 275], "excluded_lines": [], "functions": {"AuditLogger.__init__": {"executed_lines": [], "summary": {"covered_lines": 0, "num_statements": 2, "percent_covered": 0.0, "percent_covered_display": "0", "missing_lines": 2, "excluded_lines": 0, "percent_statements_covered": 0.0, "percent_statements_covered_display": "0"}, "missing_lines": [22, 23], "excluded_lines": []}, "AuditLogger._ensure_directory": {"executed_lines": [], "summary": {"covered_lines": 0, "num_statements": 1, "percent_covered": 0.0, "percent_covered_display": "0", "missing_lines": 1, "excluded_lines": 0, "percent_statements_covered": 0.0, "percent_statements_covered_display": "0"}, "missing_lines": [27], "excluded_lines": []}, "AuditLogger.initialize": {"executed_lines": [], "summary": {"covered_lines": 0, "num_statements": 9, "percent_covered": 0.0, "percent_covered_display": "0", "missing_lines": 9, "excluded_lines": 0, "percent_statements_covered": 0.0, "percent_statements_covered_display": "0"}, "missing_lines": [31, 32, 57, 60, 63, 66, 71, 85, 86], "excluded_lines": []}, "AuditLogger.log_event": {"executed_lines": [], "summary": {"covered_lines": 0, "num_statements": 5, "percent_covered": 0.0, "percent_covered_display": "0", "missing_lines": 5, "excluded_lines": 0, "percent_statements_covered": 0.0, "percent_statements_covered_display": "0"}, "missing_lines": [98, 100, 101, 129, 130], "excluded_lines": []}, "AuditLogger.get_events": {"executed_lines": [], "summary": {"covered_lines": 0, "num_statements": 29, "percent_covered": 0.0, "percent_covered_display": "0", "missing_lines": 29, "excluded_lines": 0, "percent_statements_covered": 0.0, "percent_statements_covered_display": "0"}, "missing_lines": [155, 157, 158, 160, 161, 162, 164, 165, 166, 168, 169, 170, 172, 173, 174, 176, 177, 179, 180, 181, 182, 184, 185, 186, 188, 189, 191, 192, 194], "excluded_lines": []}, "AuditLogger.get_stats": {"executed_lines": [], "summary": {"covered_lines": 0, "num_statements": 15, "percent_covered": 0.0, "percent_covered_display": "0", "missing_lines": 15, "excluded_lines": 0, "percent_statements_covered": 0.0, "percent_statements_covered_display": "0"}, "missing_lines": [209, 210, 211, 212, 214, 215, 218, 222, 225, 230, 233, 238, 241, 246, 248], "excluded_lines": []}, "AuditLogger.cleanup_old_events": {"executed_lines": [], "summary": {"covered_lines": 0, "num_statements": 7, "percent_covered": 0.0, "percent_covered_display": "0", "missing_lines": 7, "excluded_lines": 0, "percent_statements_covered": 0.0, "percent_statements_covered_display": "0"}, "missing_lines": [264, 266, 267, 271, 272, 273, 275], "excluded_lines": []}, "": {"executed_lines": [1, 7, 8, 9, 10, 11, 13, 15, 18, 19, 21, 25, 29, 88, 132, 196, 257], "summary": {"covered_lines": 15, "num_statements": 15, "percent_covered": 100.0, "percent_covered_display": "100", "missing_lines": 0, "excluded_lines": 0, "percent_statements_covered": 100.0, "percent_statements_covered_display": "100"}, "missing_lines": [], "excluded_lines": []}}, "classes": {"AuditLogger": {"executed_lines": [], "summary": {"covered_lines": 0, "num_statements": 68, "percent_covered": 0.0, "percent_covered_display": "0", "missing_lines": 68, "excluded_lines": 0, "percent_statements_covered": 0.0, "percent_statements_covered_display": "0"}, "missing_lines": [22, 23, 27, 31, 32, 57, 60, 63, 66, 71, 85, 86, 98, 100, 101, 129, 130, 155, 157, 158, 160, 161, 162, 164, 165, 166, 168, 169, 170, 172, 173, 174, 176, 177, 179, 180, 181, 182, 184, 185, 186, 188, 189, 191, 192, 194, 209, 210, 211, 212, 214, 215, 218, 222, 225, 230, 233, 238, 241, 246, 248, 264, 266, 267, 271, 272, 273, 275], "excluded_lines": []}, "": {"executed_lines": [1, 7, 8, 9, 10, 11, 13, 15, 18, 19, 21, 25, 29, 88, 132, 196, 257], "summary": {"covered_lines": 15, "num_statements": 15, "percent_covered": 100.0, "percent_covered_display": "100", "missing_lines": 0, "excluded_lines": 0, "percent_statements_covered": 100.0, "percent_statements_covered_display": "100"}, "missing_lines": [], "excluded_lines": []}}}, "python/yori/config.py": {"executed_lines": [1, 7, 8, 9, 10, 13, 14, 16, 17, 20, 21, 23, 26, 29, 30, 32, 35, 38, 39, 41, 44, 46, 55, 56, 58, 59, 65, 66], "summary": {"covered_lines": 23, "num_statements": 31, "percent_covered": 74.19354838709677, "percent_covered_display": "74", "missing_lines": 8, "excluded_lines": 0, "percent_statements_covered": 74.19354838709677, "percent_statements_covered_display": "74"}, "missing_lines": [61, 62, 63, 68, 74, 75, 76, 79], "excluded_lines": [], "functions": {"YoriConfig.from_yaml": {"executed_lines": [], "summary": {"covered_lines": 0, "num_statements": 3, "percent_covered": 0.0, "percent_covered_display": "0", "missing_lines": 3, "excluded_lines": 0, "percent_statements_covered": 0.0, "percent_statements_covered_display": "0"}, "missing_lines": [61, 62, 63], "excluded_lines": []}, "YoriConfig.from_default_locations": {"executed_lines": [], "summary": {"covered_lines": 0, "num_statements": 5, "percent_covered": 0.0, "percent_covered_display": "0", "missing_lines": 5, "excluded_lines": 0, "percent_statements_covered": 0.0, "percent_statements_covered_display": "0"}, "missing_lines": [68, 74, 75, 76, 79], "excluded_lines": []}, "": {"executed_lines": [1, 7, 8, 9, 10, 13, 14, 16, 17, 20, 21, 23, 26, 29, 30, 32, 35, 38, 39, 41, 44, 46, 55, 56, 58, 59, 65, 66], "summary": {"covered_lines": 23, "num_statements": 23, "percent_covered": 100.0, "percent_covered_display": "100", "missing_lines": 0, "excluded_lines": 0, "percent_statements_covered": 100.0, "percent_statements_covered_display": "100"}, "missing_lines": [], "excluded_lines": []}}, "classes": {"EndpointConfig": {"executed_lines": [], "summary": {"covered_lines": 0, "num_statements": 0, "percent_covered": 100.0, "percent_covered_display": "100", "missing_lines": 0, "excluded_lines": 0, "percent_statements_covered": 100.0, "percent_statements_covered_display": "100"}, "missing_lines": [], "excluded_lines": []}, "AuditConfig": {"executed_lines": [], "summary": {"covered_lines": 0, "num_statements": 0, "percent_covered": 100.0, "percent_covered_display": "100", "missing_lines": 0, "excluded_lines": 0, "percent_statements_covered": 100.0, "percent_statements_covered_display": "100"}, "missing_lines": [], "excluded_lines": []}, "PolicyConfig": {"executed_lines": [], "summary": {"covered_lines": 0, "num_statements": 0, "percent_covered": 100.0, "percent_covered_display": "100", "missing_lines": 0, "excluded_lines": 0, "percent_statements_covered": 100.0, "percent_statements_covered_display": "100"}, "missing_lines": [], "excluded_lines": []}, "YoriConfig": {"executed_lines": [], "summary": {"covered_lines": 0, "num_statements": 8, "percent_covered": 0.0, "percent_covered_display": "0", "missing_lines": 8, "excluded_lines": 0, "percent_statements_covered": 0.0, "percent_statements_covered_display": "0"}, "missing_lines": [61, 62, 63, 68, 74, 75, 76, 79], "excluded_lines": []}, "": {"executed_lines": [1, 7, 8, 9, 10, 13, 14, 16, 17, 20, 21, 23, 26, 29, 30, 32, 35, 38, 39, 41, 44, 46, 55, 56, 58, 59, 65, 66], "summary": {"covered_lines": 23, "num_statements": 23, "percent_covered": 100.0, "percent_covered_display": "100", "missing_lines": 0, "excluded_lines": 0, "percent_statements_covered": 100.0, "percent_statements_covered_display": "100"}, "missing_lines": [], "excluded_lines": []}}}, "python/yori/detection.py": {"executed_lines": [1, 7, 8, 12, 24, 46, 58, 61, 62, 65, 66, 67, 70, 76, 79, 95, 105, 108, 109, 113, 123, 126, 143], "summary": {"covered_lines": 22, "num_statements": 38, "percent_covered": 57.89473684210526, "percent_covered_display": "58", "missing_lines": 16, "excluded_lines": 0, "percent_statements_covered": 57.89473684210526, "percent_statements_covered_display": "58"}, "missing_lines": [71, 72, 73, 74, 92, 110, 137, 138, 140, 154, 155, 157, 159, 162, 163, 165], "excluded_lines": [], "functions": {"detect_provider": {"executed_lines": [58, 61, 62, 65, 66, 67, 70, 76], "summary": {"covered_lines": 8, "num_statements": 12, "percent_covered": 66.66666666666667, "percent_covered_display": "67", "missing_lines": 4, "excluded_lines": 0, "percent_statements_covered": 66.66666666666667, "percent_statements_covered_display": "67"}, "missing_lines": [71, 72, 73, 74], "excluded_lines": []}, "get_target_url": {"executed_lines": [], "summary": {"covered_lines": 0, "num_statements": 1, "percent_covered": 0.0, "percent_covered_display": "0", "missing_lines": 1, "excluded_lines": 0, "percent_statements_covered": 0.0, "percent_statements_covered_display": "0"}, "missing_lines": [92], "excluded_lines": []}, "is_llm_endpoint": {"executed_lines": [105, 108, 109, 113, 123], "summary": {"covered_lines": 5, "num_statements": 6, "percent_covered": 83.33333333333333, "percent_covered_display": "83", "missing_lines": 1, "excluded_lines": 0, "percent_statements_covered": 83.33333333333333, "percent_statements_covered_display": "83"}, "missing_lines": [110], "excluded_lines": []}, "truncate_for_privacy": {"executed_lines": [], "summary": {"covered_lines": 0, "num_statements": 3, "percent_covered": 0.0, "percent_covered_display": "0", "missing_lines": 3, "excluded_lines": 0, "percent_statements_covered": 0.0, "percent_statements_covered_display": "0"}, "missing_lines": [137, 138, 140], "excluded_lines": []}, "extract_preview": {"executed_lines": [], "summary": {"covered_lines": 0, "num_statements": 7, "percent_covered": 0.0, "percent_covered_display": "0", "missing_lines": 7, "excluded_lines": 0, "percent_statements_covered": 0.0, "percent_statements_covered_display": "0"}, "missing_lines": [154, 155, 157, 159, 162, 163, 165], "excluded_lines": []}, "": {"executed_lines": [1, 7, 8, 12, 24, 46, 79, 95, 126, 143], "summary": {"covered_lines": 9, "num_statements": 9, "percent_covered": 100.0, "percent_covered_display": "100", "missing_lines": 0, "excluded_lines": 0, "percent_statements_covered": 100.0, "percent_statements_covered_display": "100"}, "missing_lines": [], "excluded_lines": []}}, "classes": {"": {"executed_lines": [1, 7, 8, 12, 24, 46, 58, 61, 62, 65, 66, 67, 70, 76, 79, 95, 105, 108, 109, 113, 123, 126, 143], "summary": {"covered_lines": 22, "num_statements": 38, "percent_covered": 57.89473684210526, "percent_covered_display": "58", "missing_lines": 16, "excluded_lines": 0, "percent_statements_covered": 57.89473684210526, "percent_statements_covered_display": "58"}, "missing_lines": [71, 72, 73, 74, 92, 110, 137, 138, 140, 154, 155, 157, 159, 162, 163, 165], "excluded_lines": []}}}, "python/yori/main.py": {"executed_lines": [], "summary": {"covered_lines": 0, "num_statements": 29, "percent_covered": 0.0, "percent_covered_display": "0", "missing_lines": 29, "excluded_lines": 0, "percent_statements_covered": 0.0, "percent_statements_covered_display": "0"}, "missing_lines": [7, 8, 9, 10, 12, 14, 15, 18, 26, 29, 31, 32, 37, 42, 48, 51, 52, 54, 57, 60, 61, 64, 65, 66, 67, 69, 72, 81, 82], "excluded_lines": [], "functions": {"main": {"executed_lines": [], "summary": {"covered_lines": 0, "num_statements": 17, "percent_covered": 0.0, "percent_covered_display": "0", "missing_lines": 17, "excluded_lines": 0, "percent_statements_covered": 0.0, "percent_statements_covered_display": "0"}, "missing_lines": [31, 32, 37, 42, 48, 51, 52, 54, 57, 60, 61, 64, 65, 66, 67, 69, 72], "excluded_lines": []}, "": {"executed_lines": [], "summary": {"covered_lines": 0, "num_statements": 12, "percent_covered": 0.0, "percent_covered_display": "0", "missing_lines": 12, "excluded_lines": 0, "percent_statements_covered": 0.0, "percent_statements_covered_display": "0"}, "missing_lines": [7, 8, 9, 10, 12, 14, 15, 18, 26, 29, 81, 82], "excluded_lines": []}}, "classes": {"": {"executed_lines": [], "summary": {"covered_lines": 0, "num_statements": 29, "percent_covered": 0.0, "percent_covered_display": "0", "missing_lines": 29, "excluded_lines": 0, "percent_statements_covered": 0.0, "percent_statements_covered_display": "0"}, "missing_lines": [7, 8, 9, 10, 12, 14, 15, 18, 26, 29, 31, 32, 37, 42, 48, 51, 52, 54, 57, 60, 61, 64, 65, 66, 67, 69, 72, 81, 82], "excluded_lines": []}}}, "python/yori/models.py": {"executed_lines": [1, 7, 8, 9, 10, 13, 14, 16, 17, 18, 21, 22, 24, 25, 26, 29, 30, 32, 33, 34, 35, 36, 39, 40, 42, 43, 44, 45, 48, 49, 51, 52, 53, 54, 55, 56, 57, 58, 59, 60, 61, 62, 63, 64, 65, 66, 67, 69, 76, 77, 79, 80, 81, 82, 83, 84, 85, 88, 89, 91, 92, 93, 94, 95, 98, 99, 101, 102, 103, 104, 105, 108, 109, 111, 112, 113, 114, 115, 116], "summary": {"covered_lines": 69, "num_statements": 69, "percent_covered": 100.0, "percent_covered_display": "100", "missing_lines": 0, "excluded_lines": 0, "percent_statements_covered": 100.0, "percent_statements_covered_display": "100"}, "missing_lines": [], "excluded_lines": [], "functions": {"": {"executed_lines": [1, 7, 8, 9, 10, 13, 14, 16, 17, 18, 21, 22, 24, 25, 26, 29, 30, 32, 33, 34, 35, 36, 39, 40, 42, 43, 44, 45, 48, 49, 51, 52, 53, 54, 55, 56, 57, 58, 59, 60, 61, 62, 63, 64, 65, 66, 67, 69, 76, 77, 79, 80, 81, 82, 83, 84, 85, 88, 89, 91, 92, 93, 94, 95, 98, 99, 101, 102, 103, 104, 105, 108, 109, 111, 112, 113, 114, 115, 116], "summary": {"covered_lines": 69, "num_statements": 69, "percent_covered": 100.0, "percent_covered_display": "100", "missing_lines": 0, "excluded_lines": 0, "percent_statements_covered": 100.0, "percent_statements_covered_display": "100"}, "missing_lines": [], "excluded_lines": []}}, "classes": {"OperationMode": {"executed_lines": [], "summary": {"covered_lines": 0, "num_statements": 0, "percent_covered": 100.0, "percent_covered_display": "100", "missing_lines": 0, "excluded_lines": 0, "percent_statements_covered": 100.0, "percent_statements_covered_display": "100"}, "missing_lines": [], "excluded_lines": []}, "PolicyDecision": {"executed_lines": [], "summary": {"covered_lines": 0, "num_statements": 0, "percent_covered": 100.0, "percent_covered_display": "100", "missing_lines": 0, "excluded_lines": 0, "percent_statements_covered": 100.0, "percent_statements_covered_display": "100"}, "missing_lines": [], "excluded_lines": []}, "LLMProvider": {"executed_lines": [], "summary": {"covered_lines": 0, "num_statements": 0, "percent_covered": 100.0, "percent_covered_display": "100", "missing_lines": 0, "excluded_lines": 0, "percent_statements_covered": 100.0, "percent_statements_covered_display": "100"}, "missing_lines": [], "excluded_lines": []}, "PolicyResult": {"executed_lines": [], "summary": {"covered_lines": 0, "num_statements": 0, "percent_covered": 100.0, "percent_covered_display": "100", "missing_lines": 0, "excluded_lines": 0, "percent_statements_covered": 100.0, "percent_statements_covered_display": "100"}, "missing_lines": [], "excluded_lines": []}, "AuditEvent": {"executed_lines": [], "summary": {"covered_lines": 0, "num_statements": 0, "percent_covered": 100.0, "percent_covered_display": "100", "missing_lines": 0, "excluded_lines": 0, "percent_statements_covered": 100.0, "percent_statements_covered_display": "100"}, "missing_lines": [], "excluded_lines": []}, "ProxyRequest": {"executed_lines": [], "summary": {"covered_lines": 0, "num_statements": 0, "percent_covered": 100.0, "percent_covered_display": "100", "missing_lines": 0, "excluded_lines": 0, "percent_statements_covered": 100.0, "percent_statements_covered_display": "100"}, "missing_lines": [], "excluded_lines": []}, "ProxyResponse": {"executed_lines": [], "summary": {"covered_lines": 0, "num_statements": 0, "percent_covered": 100.0, "percent_covered_display": "100", "missing_lines": 0, "excluded_lines": 0, "percent_statements_covered": 100.0, "percent_statements_covered_display": "100"}, "missing_lines": [], "excluded_lines": []}, "HealthStatus": {"executed_lines": [], "summary": {"covered_lines": 0, "num_statements": 0, "percent_covered": 100.0, "percent_covered_display": "100", "missing_lines": 0, "excluded_lines": 0, "percent_statements_covered": 100.0, "percent_statements_covered_display": "100"}, "missing_lines": [], "excluded_lines": []}, "StatsResponse": {"executed_lines": [], "summary": {"covered_lines": 0, "num_statements": 0, "percent_covered": 100.0, "percent_covered_display": "100", "missing_lines": 0, "excluded_lines": 0, "percent_statements_covered": 100.0, "percent_statements_covered_display": "100"}, "missing_lines": [], "excluded_lines": []}, "": {"executed_lines": [1, 7, 8, 9, 10, 13, 14, 16, 17, 18, 21, 22, 24, 25, 26, 29, 30, 32, 33, 34, 35, 36, 39, 40, 42, 43, 44, 45, 48, 49, 51, 52, 53, 54, 55, 56, 57, 58, 59, 60, 61, 62, 63, 64, 65, 66, 67, 69, 76, 77, 79, 80, 81, 82, 83, 84, 85, 88, 89, 91, 92, 93, 94, 95, 98, 99, 101, 102, 103, 104, 105, 108, 109, 111, 112, 113, 114, 115, 116], "summary": {"covered_lines": 69, "num_statements": 69, "percent_covered": 100.0, "percent_covered_display": "100", "missing_lines": 0, "excluded_lines": 0, "percent_statements_covered": 100.0, "percent_statements_covered_display": "100"}, "missing_lines": [], "excluded_lines": []}}}, "python/yori/policy.py": {"executed_lines": [1, 8, 9, 10, 11, 13, 14, 15, 17, 18, 20, 23, 24, 25, 26, 27, 28, 29, 30, 33, 34, 40, 47, 48, 50, 57, 59, 78, 94, 114, 116, 142, 153, 154, 181, 184, 193], "summary": {"covered_lines": 34, "num_statements": 73, "percent_covered": 46.57534246575342, "percent_covered_display": "47", "missing_lines": 39, "excluded_lines": 0, "percent_statements_covered": 46.57534246575342, "percent_statements_covered_display": "47"}, "missing_lines": [51, 52, 53, 54, 55, 66, 67, 68, 70, 71, 72, 73, 74, 75, 76, 85, 86, 88, 89, 90, 91, 92, 123, 124, 125, 132, 133, 135, 161, 162, 163, 170, 171, 172, 187, 188, 189, 190, 203], "excluded_lines": [], "functions": {"PolicyEvaluator.__init__": {"executed_lines": [47, 48, 50, 57], "summary": {"covered_lines": 4, "num_statements": 9, "percent_covered": 44.44444444444444, "percent_covered_display": "44", "missing_lines": 5, "excluded_lines": 0, "percent_statements_covered": 44.44444444444444, "percent_statements_covered_display": "44"}, "missing_lines": [51, 52, 53, 54, 55], "excluded_lines": []}, "PolicyEvaluator.load_policies": {"executed_lines": [], "summary": {"covered_lines": 0, "num_statements": 10, "percent_covered": 0.0, "percent_covered_display": "0", "missing_lines": 10, "excluded_lines": 0, "percent_statements_covered": 0.0, "percent_statements_covered_display": "0"}, "missing_lines": [66, 67, 68, 70, 71, 72, 73, 74, 75, 76], "excluded_lines": []}, "PolicyEvaluator.list_policies": {"executed_lines": [], "summary": {"covered_lines": 0, "num_statements": 7, "percent_covered": 0.0, "percent_covered_display": "0", "missing_lines": 7, "excluded_lines": 0, "percent_statements_covered": 0.0, "percent_statements_covered_display": "0"}, "missing_lines": [85, 86, 88, 89, 90, 91, 92], "excluded_lines": []}, "PolicyEvaluator.evaluate": {"executed_lines": [114, 116], "summary": {"covered_lines": 2, "num_statements": 8, "percent_covered": 25.0, "percent_covered_display": "25", "missing_lines": 6, "excluded_lines": 0, "percent_statements_covered": 25.0, "percent_statements_covered_display": "25"}, "missing_lines": [123, 124, 125, 132, 133, 135], "excluded_lines": []}, "PolicyEvaluator.test_policy": {"executed_lines": [153, 154], "summary": {"covered_lines": 2, "num_statements": 8, "percent_covered": 25.0, "percent_covered_display": "25", "missing_lines": 6, "excluded_lines": 0, "percent_statements_covered": 25.0, "percent_statements_covered_display": "25"}, "missing_lines": [161, 162, 163, 170, 171, 172], "excluded_lines": []}, "get_evaluator": {"executed_lines": [], "summary": {"covered_lines": 0, "num_statements": 4, "percent_covered": 0.0, "percent_covered_display": "0", "missing_lines": 4, "excluded_lines": 0, "percent_statements_covered": 0.0, "percent_statements_covered_display": "0"}, "missing_lines": [187, 188, 189, 190], "excluded_lines": []}, "evaluate_request": {"executed_lines": [], "summary": {"covered_lines": 0, "num_statements": 1, "percent_covered": 0.0, "percent_covered_display": "0", "missing_lines": 1, "excluded_lines": 0, "percent_statements_covered": 0.0, "percent_statements_covered_display": "0"}, "missing_lines": [203], "excluded_lines": []}, "": {"executed_lines": [1, 8, 9, 10, 11, 13, 14, 15, 17, 18, 20, 23, 24, 25, 26, 27, 28, 29, 30, 33, 34, 40, 59, 78, 94, 142, 181, 184, 193], "summary": {"covered_lines": 26, "num_statements": 26, "percent_covered": 100.0, "percent_covered_display": "100", "missing_lines": 0, "excluded_lines": 0, "percent_statements_covered": 100.0, "percent_statements_covered_display": "100"}, "missing_lines": [], "excluded_lines": []}}, "classes": {"PolicyResult": {"executed_lines": [], "summary": {"covered_lines": 0, "num_statements": 0, "percent_covered": 100.0, "percent_covered_display": "100", "missing_lines": 0, "excluded_lines": 0, "percent_statements_covered": 100.0, "percent_statements_covered_display": "100"}, "missing_lines": [], "excluded_lines": []}, "PolicyEvaluator": {"executed_lines": [47, 48, 50, 57, 114, 116, 153, 154], "summary": {"covered_lines": 8, "num_statements": 42, "percent_covered": 19.047619047619047, "percent_covered_display": "19", "missing_lines": 34, "excluded_lines": 0, "percent_statements_covered": 19.047619047619047, "percent_statements_covered_display": "19"}, "missing_lines": [51, 52, 53, 54, 55, 66, 67, 68, 70, 71, 72, 73, 74, 75, 76, 85, 86, 88, 89, 90, 91, 92, 123, 124, 125, 132, 133, 135, 161, 162, 163, 170, 171, 172], "excluded_lines": []}, "": {"executed_lines": [1, 8, 9, 10, 11, 13, 14, 15, 17, 18, 20, 23, 24, 25, 26, 27, 28, 29, 30, 33, 34, 40, 59, 78, 94, 142, 181, 184, 193], "summary": {"covered_lines": 26, "num_statements": 31, "percent_covered": 83.87096774193549, "percent_covered_display": "84", "missing_lines": 5, "excluded_lines": 0, "percent_statements_covered": 83.87096774193549, "percent_statements_covered_display": "84"}, "missing_lines": [187, 188, 189, 190, 203], "excluded_lines": []}}}, "python/yori/policy_loader.py": {"executed_lines": [], "summary": {"covered_lines": 0, "num_statements": 91, "percent_covered": 0.0, "percent_covered_display": "0", "missing_lines": 91, "excluded_lines": 0, "percent_statements_covered": 0.0, "percent_statements_covered_display": "0"}, "missing_lines": [7, 8, 9, 10, 11, 13, 16, 23, 30, 31, 33, 34, 36, 43, 44, 45, 47, 48, 49, 51, 61, 62, 64, 65, 72, 73, 75, 77, 78, 79, 80, 82, 99, 100, 103, 104, 107, 109, 110, 111, 113, 116, 118, 120, 134, 136, 137, 139, 142, 143, 146, 148, 149, 151, 153, 154, 155, 156, 158, 168, 169, 170, 171, 172, 174, 175, 176, 177, 178, 179, 181, 191, 192, 193, 195, 197, 198, 199, 200, 201, 204, 205, 206, 208, 209, 211, 214, 217, 231, 232, 233], "excluded_lines": [], "functions": {"PolicyLoader.__init__": {"executed_lines": [], "summary": {"covered_lines": 0, "num_statements": 4, "percent_covered": 0.0, "percent_covered_display": "0", "missing_lines": 4, "excluded_lines": 0, "percent_statements_covered": 0.0, "percent_statements_covered_display": "0"}, "missing_lines": [30, 31, 33, 34], "excluded_lines": []}, "PolicyLoader.list_rego_files": {"executed_lines": [], "summary": {"covered_lines": 0, "num_statements": 6, "percent_covered": 0.0, "percent_covered_display": "0", "missing_lines": 6, "excluded_lines": 0, "percent_statements_covered": 0.0, "percent_statements_covered_display": "0"}, "missing_lines": [43, 44, 45, 47, 48, 49], "excluded_lines": []}, "PolicyLoader.validate_rego": {"executed_lines": [], "summary": {"covered_lines": 0, "num_statements": 11, "percent_covered": 0.0, "percent_covered_display": "0", "missing_lines": 11, "excluded_lines": 0, "percent_statements_covered": 0.0, "percent_statements_covered_display": "0"}, "missing_lines": [61, 62, 64, 65, 72, 73, 75, 77, 78, 79, 80], "excluded_lines": []}, "PolicyLoader.compile_to_wasm": {"executed_lines": [], "summary": {"covered_lines": 0, "num_statements": 26, "percent_covered": 0.0, "percent_covered_display": "0", "missing_lines": 26, "excluded_lines": 0, "percent_statements_covered": 0.0, "percent_statements_covered_display": "0"}, "missing_lines": [99, 100, 103, 104, 107, 109, 110, 111, 113, 116, 118, 120, 134, 136, 137, 139, 142, 143, 146, 148, 149, 151, 153, 154, 155, 156], "excluded_lines": []}, "PolicyLoader._extract_package_name": {"executed_lines": [], "summary": {"covered_lines": 0, "num_statements": 11, "percent_covered": 0.0, "percent_covered_display": "0", "missing_lines": 11, "excluded_lines": 0, "percent_statements_covered": 0.0, "percent_statements_covered_display": "0"}, "missing_lines": [168, 169, 170, 171, 172, 174, 175, 176, 177, 178, 179], "excluded_lines": []}, "PolicyLoader.compile_all": {"executed_lines": [], "summary": {"covered_lines": 0, "num_statements": 16, "percent_covered": 0.0, "percent_covered_display": "0", "missing_lines": 16, "excluded_lines": 0, "percent_statements_covered": 0.0, "percent_statements_covered_display": "0"}, "missing_lines": [191, 192, 193, 195, 197, 198, 199, 200, 201, 204, 205, 206, 208, 209, 211, 214], "excluded_lines": []}, "compile_policies": {"executed_lines": [], "summary": {"covered_lines": 0, "num_statements": 3, "percent_covered": 0.0, "percent_covered_display": "0", "missing_lines": 3, "excluded_lines": 0, "percent_statements_covered": 0.0, "percent_statements_covered_display": "0"}, "missing_lines": [231, 232, 233], "excluded_lines": []}, "": {"executed_lines": [], "summary": {"covered_lines": 0, "num_statements": 14, "percent_covered": 0.0, "percent_covered_display": "0", "missing_lines": 14, "excluded_lines": 0, "percent_statements_covered": 0.0, "percent_statements_covered_display": "0"}, "missing_lines": [7, 8, 9, 10, 11, 13, 16, 23, 36, 51, 82, 158, 181, 217], "excluded_lines": []}}, "classes": {"PolicyLoader": {"executed_lines": [], "summary": {"covered_lines": 0, "num_statements": 74, "percent_covered": 0.0, "percent_covered_display": "0", "missing_lines": 74, "excluded_lines": 0, "percent_statements_covered": 0.0, "percent_statements_covered_display": "0"}, "missing_lines": [30, 31, 33, 34, 43, 44, 45, 47, 48, 49, 61, 62, 64, 65, 72, 73, 75, 77, 78, 79, 80, 99, 100, 103, 104, 107, 109, 110, 111, 113, 116, 118, 120, 134, 136, 137, 139, 142, 143, 146, 148, 149, 151, 153, 154, 155, 156, 168, 169, 170, 171, 172, 174, 175, 176, 177, 178, 179, 191, 192, 193, 195, 197, 198, 199, 200, 201, 204, 205, 206, 208, 209, 211, 214], "excluded_lines": []}, "": {"executed_lines": [], "summary": {"covered_lines": 0, "num_statements": 17, "percent_covered": 0.0, "percent_covered_display": "0", "missing_lines": 17, "excluded_lines": 0, "percent_statements_covered": 0.0, "percent_statements_covered_display": "0"}, "missing_lines": [7, 8, 9, 10, 11, 13, 16, 23, 36, 51, 82, 158, 181, 217, 231, 232, 233], "excluded_lines": []}}}, "python/yori/proxy.py": {"executed_lines": [1, 7, 8, 9, 10, 11, 12, 13, 14, 16, 17, 18, 25, 31, 33, 36, 37, 39, 63, 116, 242, 253, 280, 296, 330, 367, 400, 413], "summary": {"covered_lines": 26, "num_statements": 121, "percent_covered": 21.487603305785125, "percent_covered_display": "21", "missing_lines": 95, "excluded_lines": 0, "percent_statements_covered": 21.487603305785125, "percent_statements_covered_display": "21"}, "missing_lines": [40, 41, 42, 43, 44, 47, 48, 50, 51, 53, 55, 61, 66, 67, 69, 77, 78, 80, 81, 86, 87, 89, 90, 97, 98, 103, 109, 111, 112, 114, 127, 130, 131, 132, 135, 138, 141, 142, 143, 146, 152, 162, 164, 165, 176, 187, 188, 191, 192, 193, 196, 205, 208, 222, 228, 229, 230, 233, 237, 244, 246, 247, 248, 251, 263, 265, 271, 283, 284, 287, 288, 291, 292, 294, 310, 311, 313, 328, 343, 344, 346, 348, 365, 380, 381, 383, 398, 402, 405, 406, 409, 411, 415, 416, 417], "excluded_lines": [], "functions": {"ProxyServer.__init__": {"executed_lines": [], "summary": {"covered_lines": 0, "num_statements": 9, "percent_covered": 0.0, "percent_covered_display": "0", "missing_lines": 9, "excluded_lines": 0, "percent_statements_covered": 0.0, "percent_statements_covered_display": "0"}, "missing_lines": [40, 41, 42, 43, 44, 47, 48, 55, 61], "excluded_lines": []}, "ProxyServer.__init__.lifespan": {"executed_lines": [], "summary": {"covered_lines": 0, "num_statements": 3, "percent_covered": 0.0, "percent_covered_display": "0", "missing_lines": 3, "excluded_lines": 0, "percent_statements_covered": 0.0, "percent_statements_covered_display": "0"}, "missing_lines": [50, 51, 53], "excluded_lines": []}, "ProxyServer._setup_routes": {"executed_lines": [], "summary": {"covered_lines": 0, "num_statements": 8, "percent_covered": 0.0, "percent_covered_display": "0", "missing_lines": 8, "excluded_lines": 0, "percent_statements_covered": 0.0, "percent_statements_covered_display": "0"}, "missing_lines": [66, 67, 77, 78, 89, 90, 111, 112], "excluded_lines": []}, "ProxyServer._setup_routes.health_check": {"executed_lines": [], "summary": {"covered_lines": 0, "num_statements": 1, "percent_covered": 0.0, "percent_covered_display": "0", "missing_lines": 1, "excluded_lines": 0, "percent_statements_covered": 0.0, "percent_statements_covered_display": "0"}, "missing_lines": [69], "excluded_lines": []}, "ProxyServer._setup_routes.get_stats": {"executed_lines": [], "summary": {"covered_lines": 0, "num_statements": 4, "percent_covered": 0.0, "percent_covered_display": "0", "missing_lines": 4, "excluded_lines": 0, "percent_statements_covered": 0.0, "percent_statements_covered_display": "0"}, "missing_lines": [80, 81, 86, 87], "excluded_lines": []}, "ProxyServer._setup_routes.get_audit_logs": {"executed_lines": [], "summary": {"covered_lines": 0, "num_statements": 4, "percent_covered": 0.0, "percent_covered_display": "0", "missing_lines": 4, "excluded_lines": 0, "percent_statements_covered": 0.0, "percent_statements_covered_display": "0"}, "missing_lines": [97, 98, 103, 109], "excluded_lines": []}, "ProxyServer._setup_routes.proxy_request": {"executed_lines": [], "summary": {"covered_lines": 0, "num_statements": 1, "percent_covered": 0.0, "percent_covered_display": "0", "missing_lines": 1, "excluded_lines": 0, "percent_statements_covered": 0.0, "percent_statements_covered_display": "0"}, "missing_lines": [114], "excluded_lines": []}, "ProxyServer._handle_proxy_request": {"executed_lines": [], "summary": {"covered_lines": 0, "num_statements": 29, "percent_covered": 0.0, "percent_covered_display": "0", "missing_lines": 29, "excluded_lines": 0, "percent_statements_covered": 0.0, "percent_statements_covered_display": "0"}, "missing_lines": [127, 130, 131, 132, 135, 138, 141, 142, 143, 146, 152, 162, 164, 165, 176, 187, 188, 191, 192, 193, 196, 205, 208, 222, 228, 229, 230, 233, 237], "excluded_lines": []}, "ProxyServer._is_endpoint_enabled": {"executed_lines": [], "summary": {"covered_lines": 0, "num_statements": 5, "percent_covered": 0.0, "percent_covered_display": "0", "missing_lines": 5, "excluded_lines": 0, "percent_statements_covered": 0.0, "percent_statements_covered_display": "0"}, "missing_lines": [244, 246, 247, 248, 251], "excluded_lines": []}, "ProxyServer._evaluate_policy": {"executed_lines": [], "summary": {"covered_lines": 0, "num_statements": 3, "percent_covered": 0.0, "percent_covered_display": "0", "missing_lines": 3, "excluded_lines": 0, "percent_statements_covered": 0.0, "percent_statements_covered_display": "0"}, "missing_lines": [263, 265, 271], "excluded_lines": []}, "ProxyServer._should_block_request": {"executed_lines": [], "summary": {"covered_lines": 0, "num_statements": 7, "percent_covered": 0.0, "percent_covered_display": "0", "missing_lines": 7, "excluded_lines": 0, "percent_statements_covered": 0.0, "percent_statements_covered_display": "0"}, "missing_lines": [283, 284, 287, 288, 291, 292, 294], "excluded_lines": []}, "ProxyServer._log_successful_request": {"executed_lines": [], "summary": {"covered_lines": 0, "num_statements": 4, "percent_covered": 0.0, "percent_covered_display": "0", "missing_lines": 4, "excluded_lines": 0, "percent_statements_covered": 0.0, "percent_statements_covered_display": "0"}, "missing_lines": [310, 311, 313, 328], "excluded_lines": []}, "ProxyServer._log_blocked_request": {"executed_lines": [], "summary": {"covered_lines": 0, "num_statements": 5, "percent_covered": 0.0, "percent_covered_display": "0", "missing_lines": 5, "excluded_lines": 0, "percent_statements_covered": 0.0, "percent_statements_covered_display": "0"}, "missing_lines": [343, 344, 346, 348, 365], "excluded_lines": []}, "ProxyServer._log_error_request": {"executed_lines": [], "summary": {"covered_lines": 0, "num_statements": 4, "percent_covered": 0.0, "percent_covered_display": "0", "missing_lines": 4, "excluded_lines": 0, "percent_statements_covered": 0.0, "percent_statements_covered_display": "0"}, "missing_lines": [380, 381, 383, 398], "excluded_lines": []}, "ProxyServer.startup": {"executed_lines": [], "summary": {"covered_lines": 0, "num_statements": 5, "percent_covered": 0.0, "percent_covered_display": "0", "missing_lines": 5, "excluded_lines": 0, "percent_statements_covered": 0.0, "percent_statements_covered_display": "0"}, "missing_lines": [402, 405, 406, 409, 411], "excluded_lines": []}, "ProxyServer.shutdown": {"executed_lines": [], "summary": {"covered_lines": 0, "num_statements": 3, "percent_covered": 0.0, "percent_covered_display": "0", "missing_lines": 3, "excluded_lines": 0, "percent_statements_covered": 0.0, "percent_statements_covered_display": "0"}, "missing_lines": [415, 416, 417], "excluded_lines": []}, "": {"executed_lines": [1, 7, 8, 9, 10, 11, 12, 13, 14, 16, 17, 18, 25, 31, 33, 36, 37, 39, 63, 116, 242, 253, 280, 296, 330, 367, 400, 413], "summary": {"covered_lines": 26, "num_statements": 26, "percent_covered": 100.0, "percent_covered_display": "100", "missing_lines": 0, "excluded_lines": 0, "percent_statements_covered": 100.0, "percent_statements_covered_display": "100"}, "missing_lines": [], "excluded_lines": []}}, "classes": {"ProxyServer": {"executed_lines": [], "summary": {"covered_lines": 0, "num_statements": 95, "percent_covered": 0.0, "percent_covered_display": "0", "missing_lines": 95, "excluded_lines": 0, "percent_statements_covered": 0.0, "percent_statements_covered_display": "0"}, "missing_lines": [40, 41, 42, 43, 44, 47, 48, 50, 51, 53, 55, 61, 66, 67, 69, 77, 78, 80, 81, 86, 87, 89, 90, 97, 98, 103, 109, 111, 112, 114, 127, 130, 131, 132, 135, 138, 141, 142, 143, 146, 152, 162, 164, 165, 176, 187, 188, 191, 192, 193, 196, 205, 208, 222, 228, 229, 230, 233, 237, 244, 246, 247, 248, 251, 263, 265, 271, 283, 284, 287, 288, 291, 292, 294, 310, 311, 313, 328, 343, 344, 346, 348, 365, 380, 381, 383, 398, 402, 405, 406, 409, 411, 415, 416, 417], "excluded_lines": []}, "": {"executed_lines": [1, 7, 8, 9, 10, 11, 12, 13, 14, 16, 17, 18, 25, 31, 33, 36, 37, 39, 63, 116, 242, 253, 280, 296, 330, 367, 400, 413], "summary": {"covered_lines": 26, "num_statements": 26, "percent_covered": 100.0, "percent_covered_display": "100", "missing_lines": 0, "excluded_lines": 0, "percent_statements_covered": 100.0, "percent_statements_covered_display": "100"}, "missing_lines": [], "excluded_lines": []}}}}, "totals": {"covered_lines": 288, "num_statements": 699, "percent_covered": 41.201716738197426, "percent_covered_display": "41", "missing_lines": 411, "excluded_lines": 0, "percent_statements_covered": 41.201716738197426, "percent_statements_covered_display": "41"}}